[2026-01-06 11:38:08] This is codeql execute queries -J-Xmx1292M --verbosity=progress --logdir=D:\PracticeInCodeQL\CodeQL\databases\libpng-c\log --evaluator-log-level=5 --warnings=show --qlconfig-file=D:\PracticeInCodeQL\my-queries\qlconfig.yml --dynamic-join-order-mode=none -- D:\PracticeInCodeQL\CodeQL\databases\libpng-c\db-cpp path:D:\PracticeInCodeQL\my-queries\find_functions.ql
[2026-01-06 11:38:08] Calling plumbing command: codeql resolve queries --qlconfig-file=D:\PracticeInCodeQL\my-queries\qlconfig.yml --format=json -- path:D:\PracticeInCodeQL\my-queries\find_functions.ql
[2026-01-06 11:38:08] [PROGRESS] resolve queries> Recording pack reference (anonymous QL pack at D:\PracticeInCodeQL\my-queries\find_functions.ql) at D:\PracticeInCodeQL\my-queries.
[2026-01-06 11:38:08] Plumbing command codeql resolve queries completed:
                      [
                        "D:\\PracticeInCodeQL\\my-queries\\find_functions.ql"
                      ]
[2026-01-06 11:38:08] Refusing fancy output: The terminal is not an xterm: 
[2026-01-06 11:38:08] Creating executor with 1 threads.
[2026-01-06 11:38:09] Calling plumbing command: codeql resolve extensions --qlconfig-file=D:\PracticeInCodeQL\my-queries\qlconfig.yml --include-extension-row-locations path:D:\PracticeInCodeQL\my-queries\find_functions.ql
[2026-01-06 11:38:09] Calling plumbing command: codeql resolve queries --qlconfig-file=D:\PracticeInCodeQL\my-queries\qlconfig.yml --allow-library-packs --format startingpacks -- path:D:\PracticeInCodeQL\my-queries\find_functions.ql
[2026-01-06 11:38:09] [PROGRESS] resolve queries> Recording pack reference (anonymous QL pack at D:\PracticeInCodeQL\my-queries\find_functions.ql) at D:\PracticeInCodeQL\my-queries.
[2026-01-06 11:38:09] Plumbing command codeql resolve queries completed:
                      [
                        "D:\\PracticeInCodeQL\\my-queries"
                      ]
[2026-01-06 11:38:09] Calling plumbing command: codeql resolve extensions-by-pack --qlconfig-file=D:\PracticeInCodeQL\my-queries\qlconfig.yml --include-extension-row-locations -- D:\PracticeInCodeQL\my-queries
[2026-01-06 11:38:09] [SPAMMY] resolve extensions-by-pack> [INCOMPATIBILITY] <anonymous pack>: not 0.0.0 {root: <anonymous pack>@0.0.0}
[2026-01-06 11:38:09] [SPAMMY] resolve extensions-by-pack> [DERIVATION] <anonymous pack>: 0.0.0 {<anonymous pack>: not 0.0.0 {root: <anonymous pack>@0.0.0}}
[2026-01-06 11:38:09] [SPAMMY] resolve extensions-by-pack> [DECISION 1] <anonymous pack>: 0.0.0
[2026-01-06 11:38:09] Plumbing command codeql resolve extensions-by-pack completed:
                      {
                        "models" : [ ],
                        "data" : { },
                        "threatModels" : { },
                        "extensionPacks" : [ ]
                      }
[2026-01-06 11:38:09] Plumbing command codeql resolve extensions completed:
                      {
                        "models" : [ ],
                        "data" : { },
                        "threatModels" : { },
                        "extensionPacks" : [ ]
                      }
[2026-01-06 11:38:09] Calling plumbing command: codeql resolve library-path --qlconfig-file=D:\PracticeInCodeQL\my-queries\qlconfig.yml --query=D:\PracticeInCodeQL\my-queries\find_functions.ql --format=json
[2026-01-06 11:38:09] [DETAILS] resolve library-path> Resolving query at normalized path D:\PracticeInCodeQL\my-queries\find_functions.ql.
[2026-01-06 11:38:09] [DETAILS] resolve library-path> Found no pack; trying after symlink resolution with D:\PracticeInCodeQL\my-queries\find_functions.ql.
[2026-01-06 11:38:09] [DETAILS] resolve library-path> Found enclosing pack 'my-queries' at D:\PracticeInCodeQL\my-queries.
[2026-01-06 11:38:09] [DETAILS] resolve library-path> Adding compilation cache at C:\Users\Admin\.codeql\compile-cache.
[2026-01-06 11:38:09] [DETAILS] resolve library-path> Resolving library dependencies from D:\PracticeInCodeQL\my-queries\find_functions.ql.
[2026-01-06 11:38:09] [SPAMMY] resolve library-path> [INCOMPATIBILITY] <anonymous pack>: not 0.0.0 {root: <anonymous pack>@0.0.0}
[2026-01-06 11:38:09] [SPAMMY] resolve library-path> [DERIVATION] <anonymous pack>: 0.0.0 {<anonymous pack>: not 0.0.0 {root: <anonymous pack>@0.0.0}}
[2026-01-06 11:38:09] [SPAMMY] resolve library-path> [DECISION 1] <anonymous pack>: 0.0.0
[2026-01-06 11:38:09] [DETAILS] resolve library-path> QL pack dependencies for D:\PracticeInCodeQL\my-queries resolved OK.
[2026-01-06 11:38:09] [DETAILS] resolve library-path> Found no dbscheme through dependencies.
[2026-01-06 11:38:09] Plumbing command codeql resolve library-path completed:
                      {
                        "libraryPath" : [
                          "D:\\PracticeInCodeQL\\my-queries"
                        ],
                        "compilationCache" : [
                          "C:\\Users\\Admin\\.codeql\\compile-cache"
                        ],
                        "relativeName" : "my-queries\\find_functions.ql",
                        "possibleAdvice" : "There should probably be a qlpack.yml file declaring dependencies in D:\\PracticeInCodeQL\\my-queries or an enclosing directory.",
                        "qlPackName" : "my-queries"
                      }
[2026-01-06 11:38:09] [PROGRESS] execute queries> Compiling query plan for D:\PracticeInCodeQL\my-queries\find_functions.ql.
[2026-01-06 11:38:09] [DETAILS] execute queries> Resolving imports for D:\PracticeInCodeQL\my-queries\find_functions.ql.
[2026-01-06 11:38:09] Resolved file set for D:\PracticeInCodeQL\my-queries\find_functions.ql hashes to 0c232461a591ee6b6f78095d1bf10792.
[2026-01-06 11:38:09] [DETAILS] execute queries> Checking QL for D:\PracticeInCodeQL\my-queries\find_functions.ql.
[2026-01-06 11:38:09] Stale frontend caches are invalidated based on import graph reachability.
[2026-01-06 11:38:09] ExternalModuleBindingPass ...
[2026-01-06 11:38:09] ExternalModuleBindingPass time: 00:00.001
[2026-01-06 11:38:09] CollectInstantiationsPass ...
[2026-01-06 11:38:09] CollectInstantiationsPass time: 00:00.012
[2026-01-06 11:38:09] Ql checks ...
[2026-01-06 11:38:09] Ql checks time: 00:00.060
[2026-01-06 11:38:09] [ERROR] execute queries> ERROR: no viable parse for input 'limit 1', expecting one of : 'boolean', 'class', 'newtype', 'date', 'float', 'from', 'import', 'int', 'module', 'predicate', 'select', 'string', 'where', Lowerid, Upperid, Atlowerid (D:\PracticeInCodeQL\my-queries\find_functions.ql:13,1-6)
[2026-01-06 11:38:09] [ERROR] execute queries> ERROR: could not resolve module cpp (D:\PracticeInCodeQL\my-queries\find_functions.ql:6,8-11)
[2026-01-06 11:38:09] [ERROR] execute queries> ERROR: could not resolve type Function (D:\PracticeInCodeQL\my-queries\find_functions.ql:8,6-14)
[2026-01-06 11:38:09] Sequence stamp origin is -5961782733488991551
[2026-01-06 11:38:09] Pausing evaluation to close the cache at sequence stamp o+0
[2026-01-06 11:38:09] The disk cache is freshly trimmed; leave it be.
[2026-01-06 11:38:09] Unpausing evaluation
[2026-01-06 11:38:09] Exiting with code 2
